#
# There is insufficient memory for the Java Runtime Environment to continue.
# Native memory allocation (malloc) failed to allocate 1048576 bytes for AllocateHeap
# Possible reasons:
#   The system is out of physical RAM or swap space
#   In 32 bit mode, the process size limit was hit
# Possible solutions:
#   Reduce memory load on the system
#   Increase physical memory or swap space
#   Check if swap backing store is full
#   Use 64 bit Java on a 64 bit OS
#   Decrease Java heap size (-Xmx/-Xms)
#   Decrease number of Java threads
#   Decrease Java thread stack sizes (-Xss)
#   Set larger code cache with -XX:ReservedCodeCacheSize=
# This output file may be truncated or incomplete.
#
#  Out of Memory Error (memory/allocation.inline.hpp:61), pid=1104, tid=0x00000000000014c0
#
# JRE version:  (8.0_121-b13) (build )
# Java VM: Java HotSpot(TM) 64-Bit Server VM (25.121-b13 mixed mode windows-amd64 compressed oops)
# Failed to write core dump. Minidumps are not enabled by default on client versions of Windows
#

---------------  T H R E A D  ---------------

Current thread (0x000000000146e800):  JavaThread "Unknown thread" [_thread_in_vm, id=5312, stack(0x0000000002c80000,0x0000000002d80000)]

Stack: [0x0000000002c80000,0x0000000002d80000]
[error occurred during error reporting (printing stack bounds), id 0xc0000005]

Native frames: (J=compiled Java code, j=interpreted, Vv=VM code, C=native code)


---------------  P R O C E S S  ---------------

Java Threads: ( => current thread )

Other Threads:

=>0x000000000146e800 (exited) JavaThread "Unknown thread" [_thread_in_vm, id=5312, stack(0x0000000002c80000,0x0000000002d80000)]

VM state:not at safepoint (normal execution)

VM Mutex/Monitor currently owned by a thread: None

Heap:
 PSYoungGen      total 76288K, used 1310K [0x000000076b100000, 0x0000000770600000, 0x00000007c0000000)
  eden space 65536K, 2% used [0x000000076b100000,0x000000076b247af0,0x000000076f100000)
  from space 10752K, 0% used [0x000000076fb80000,0x000000076fb80000,0x0000000770600000)
  to   space 10752K, 0% used [0x000000076f100000,0x000000076f100000,0x000000076fb80000)
 ParOldGen       total 175104K, used 0K [0x00000006c1200000, 0x00000006cbd00000, 0x000000076b100000)
  object space 175104K, 0% used [0x00000006c1200000,0x00000006c1200000,0x00000006cbd00000)
 Metaspace       used 770K, capacity 4480K, committed 4480K, reserved 1056768K
  class space    used 75K, capacity 384K, committed 384K, reserved 1048576K

Card table byte_map: [0x0000000012340000,0x0000000012b40000] byte_map_base: 0x000000000ed37000

Marking Bits: (ParMarkBitMap*) 0x000000007151b6d0
 Begin Bits: [0x0000000013490000, 0x0000000017448000)
 End Bits:   [0x0000000017448000, 0x000000001b400000)

Polling page: 0x0000000001400000

CodeCache: size=245760Kb used=328Kb max_used=328Kb free=245431Kb
 bounds [0x0000000002f80000, 0x00000000031f0000, 0x0000000011f80000]
 total_blobs=58 nmethods=0 adapters=38
 compilation: enabled

Compilation events (0 events):
No events

GC Heap History (0 events):
No events

Deoptimization events (0 events):
No events

Internal exceptions (0 events):
No events

Events (10 events):
Event: 0.024 loading class java/lang/Short
Event: 0.024 loading class java/lang/Short done
Event: 0.024 loading class java/lang/Integer
Event: 0.024 loading class java/lang/Integer done
Event: 0.024 loading class java/lang/Long
Event: 0.024 loading class java/lang/Long done
Event: 0.025 loading class java/lang/NullPointerException
Event: 0.025 loading class java/lang/NullPointerException done
Event: 0.025 loading class java/lang/ArithmeticException
Event: 0.025 loading class java/lang/ArithmeticException done


Dynamic libraries:
0x00007ff654420000 - 0x00007ff654457000 	E:\java\jdk2\bin\java.exe
0x00007ffe8e440000 - 0x00007ffe8e611000 	C:\Windows\SYSTEM32\ntdll.dll
0x00007ffe8e290000 - 0x00007ffe8e33b000 	C:\Windows\System32\KERNEL32.DLL
0x00007ffe8acd0000 - 0x00007ffe8aeed000 	C:\Windows\System32\KERNELBASE.dll
0x00007ffe8c930000 - 0x00007ffe8c9d2000 	C:\Windows\System32\ADVAPI32.dll
0x00007ffe8df50000 - 0x00007ffe8dfee000 	C:\Windows\System32\msvcrt.dll
0x00007ffe8c590000 - 0x00007ffe8c5e9000 	C:\Windows\System32\sechost.dll
0x00007ffe8b9e0000 - 0x00007ffe8bb01000 	C:\Windows\System32\RPCRT4.dll
0x00007ffe8dff0000 - 0x00007ffe8e155000 	C:\Windows\System32\USER32.dll
0x00007ffe8aef0000 - 0x00007ffe8af0e000 	C:\Windows\System32\win32u.dll
0x00007ffe8c3f0000 - 0x00007ffe8c424000 	C:\Windows\System32\GDI32.dll
0x00007ffe8ab40000 - 0x00007ffe8acc2000 	C:\Windows\System32\gdi32full.dll
0x00007ffe845c0000 - 0x00007ffe84839000 	C:\Windows\WinSxS\amd64_microsoft.windows.common-controls_6595b64144ccf1df_6.0.14393.0_none_2d0f50fcbdb171b8\COMCTL32.dll
0x00007ffe8c5f0000 - 0x00007ffe8c8b7000 	C:\Windows\System32\combase.dll
0x00007ffe8a930000 - 0x00007ffe8aa25000 	C:\Windows\System32\ucrtbase.dll
0x00007ffe8aad0000 - 0x00007ffe8ab3a000 	C:\Windows\System32\bcryptPrimitives.dll
0x00007ffe8e160000 - 0x00007ffe8e18e000 	C:\Windows\System32\IMM32.DLL
0x00000000715a0000 - 0x0000000071672000 	E:\java\jdk2\jre\bin\msvcr100.dll
0x0000000070d00000 - 0x000000007159b000 	E:\java\jdk2\jre\bin\server\jvm.dll
0x00007ffe8bb10000 - 0x00007ffe8bb18000 	C:\Windows\System32\PSAPI.DLL
0x00007ffe885a0000 - 0x00007ffe885a9000 	C:\Windows\SYSTEM32\WSOCK32.dll
0x00007ffe8c8c0000 - 0x00007ffe8c92a000 	C:\Windows\System32\WS2_32.dll
0x00007ffe88bb0000 - 0x00007ffe88bd3000 	C:\Windows\SYSTEM32\WINMM.dll
0x00007ffe86490000 - 0x00007ffe8649a000 	C:\Windows\SYSTEM32\VERSION.dll
0x00007ffe88b50000 - 0x00007ffe88b7b000 	C:\Windows\SYSTEM32\WINMMBASE.dll
0x00007ffe8b6a0000 - 0x00007ffe8b6e2000 	C:\Windows\System32\cfgmgr32.dll
0x0000000070cf0000 - 0x0000000070cff000 	E:\java\jdk2\jre\bin\verify.dll
0x0000000070cc0000 - 0x0000000070ce9000 	E:\java\jdk2\jre\bin\java.dll
0x0000000070c30000 - 0x0000000070c53000 	E:\java\jdk2\jre\bin\instrument.dll
0x0000000070ca0000 - 0x0000000070cb6000 	E:\java\jdk2\jre\bin\zip.dll

VM Arguments:
jvm_args: -javaagent:C:\Program Files (x86)\JetBrains\IntelliJ IDEA Community Edition 2017.1\lib\idea_rt.jar=45753:C:\Program Files (x86)\JetBrains\IntelliJ IDEA Community Edition 2017.1\bin -Dfile.encoding=UTF-8 
java_command: Main
java_class_path (initial): E:\java\jdk2\jre\lib\charsets.jar;E:\java\jdk2\jre\lib\deploy.jar;E:\java\jdk2\jre\lib\ext\access-bridge-64.jar;E:\java\jdk2\jre\lib\ext\cldrdata.jar;E:\java\jdk2\jre\lib\ext\dnsns.jar;E:\java\jdk2\jre\lib\ext\jaccess.jar;E:\java\jdk2\jre\lib\ext\jfxrt.jar;E:\java\jdk2\jre\lib\ext\localedata.jar;E:\java\jdk2\jre\lib\ext\nashorn.jar;E:\java\jdk2\jre\lib\ext\sunec.jar;E:\java\jdk2\jre\lib\ext\sunjce_provider.jar;E:\java\jdk2\jre\lib\ext\sunmscapi.jar;E:\java\jdk2\jre\lib\ext\sunpkcs11.jar;E:\java\jdk2\jre\lib\ext\zipfs.jar;E:\java\jdk2\jre\lib\javaws.jar;E:\java\jdk2\jre\lib\jce.jar;E:\java\jdk2\jre\lib\jfr.jar;E:\java\jdk2\jre\lib\jfxswt.jar;E:\java\jdk2\jre\lib\jsse.jar;E:\java\jdk2\jre\lib\management-agent.jar;E:\java\jdk2\jre\lib\plugin.jar;E:\java\jdk2\jre\lib\resources.jar;E:\java\jdk2\jre\lib\rt.jar;E:\Dropbox\Java\פאיכמגי לוםוהזונ\out\production\file_manager;C:\Program Files (x86)\JetBrains\IntelliJ IDEA Community Edition 2017.1\lib\idea_rt.jar
Launcher Type: SUN_STANDARD

Environment Variables:
PATH=C:\ProgramData\Oracle\Java\javapath;C:\Program Files (x86)\Intel\iCLS Client\;C:\Program Files\Intel\iCLS Client\;C:\Windows\system32;C:\Windows;C:\Windows\System32\Wbem;C:\Windows\System32\WindowsPowerShell\v1.0\;C:\Program Files (x86)\Intel\Intel(R) Management Engine Components\DAL;C:\Program Files\Intel\Intel(R) Management Engine Components\DAL;C:\Program Files (x86)\Intel\Intel(R) Management Engine Components\IPT;C:\Program Files\Intel\Intel(R) Management Engine Components\IPT;C:\Program Files (x86)\NVIDIA Corporation\PhysX\Common;C:\Program Files (x86)\Skype\Phone\;E:\Program Files\MKVtoolnix;C:\Program Files\Microsoft SQL Server\Client SDK\ODBC\110\Tools\Binn\;E:\Program Files (x86)\Microsoft SQL Server\120\Tools\Binn\;C:\Program Files\Microsoft SQL Server\120\Tools\Binn\;C:\Program Files\Microsoft SQL Server\120\DTS\Binn\;C:\Windows\system32\config\systemprofile\.dnx\bin;C:\Program Files\Microsoft DNX\Dnvm\;C:\Program Files\Microsoft SQL Server\130\Tools\Binn\;C:\Program Files (x86)\Windows Kits\10\Windows Performance Toolkit\;C:\Program Files (x86)\Microsoft SQL Server\90\Tools\binn\;E:\Program Files (x86)\Microsoft SQL Server\Client SDK\ODBC\130\Tools\Binn\;E:\Program Files (x86)\Microsoft SQL Server\130\Tools\Binn\;E:\Program Files (x86)\Microsoft SQL Server\130\DTS\Binn\;E:\Program Files (x86)\Microsoft SQL Server\130\Tools\Binn\ManagementStudio\;C:\ProgramData\chocolatey\bin;E:\Program Files\Git\cmd;E:\Dropbox\PHP\;C:\Users\triest\AppData\Local\Microsoft\WindowsApps;C:\Users\triest\AppData\Local\atom\bin;C:\Users\triest\.babun;C:\Users\triest\AppData\Roaming\npm
USERNAME=triest
OS=Windows_NT
PROCESSOR_IDENTIFIER=Intel64 Family 6 Model 94 Stepping 3, GenuineIntel



---------------  S Y S T E M  ---------------

OS: Windows 10.0 , 64 bit Build 14393 (10.0.14393.0)

CPU:total 4 (4 cores per cpu, 1 threads per core) family 6 model 94 stepping 3, cmov, cx8, fxsr, mmx, sse, sse2, sse3, ssse3, sse4.1, sse4.2, popcnt, avx, avx2, aes, clmul, erms, 3dnowpref, lzcnt, tsc, tscinvbit, bmi1, bmi2, adx

Memory: 4k page, physical 16695776k(4873592k free), swap 16695776k(8016k free)

vm_info: Java HotSpot(TM) 64-Bit Server VM (25.121-b13) for windows-amd64 JRE (1.8.0_121-b13), built on Dec 12 2016 18:21:36 by "java_re" with MS VC++ 10.0 (VS2010)

time: Sun Apr 23 23:39:52 2017
elapsed time: 0 seconds (0d 0h 0m 0s)

